The system is: Windows - 10.0.19043 - AMD64
Compiling the C compiler identification source file "CMakeCCompilerId.c" succeeded.
Compiler: C:/Program Files/Microsoft Visual Studio/2022/Professional/VC/Tools/MSVC/14.30.30705/bin/Hostx64/x64/cl.exe 
Build flags: 
Id flags:  

The output was:
0
Microsoft (R) C/C++ Optimizing Compiler Version 19.30.30709 for x64
Copyright (C) Microsoft Corporation.  All rights reserved.

CMakeCCompilerId.c
Microsoft (R) Incremental Linker Version 14.30.30709.0
Copyright (C) Microsoft Corporation.  All rights reserved.

/out:CMakeCCompilerId.exe 
CMakeCCompilerId.obj 


Compilation of the C compiler identification source "CMakeCCompilerId.c" produced "CMakeCCompilerId.exe"

Compilation of the C compiler identification source "CMakeCCompilerId.c" produced "CMakeCCompilerId.obj"

The C compiler identification is MSVC, found in "E:/C-FS/cmake-build-debug/CMakeFiles/3.22.3/CompilerIdC/CMakeCCompilerId.exe"

Detecting C compiler ABI info compiled with the following output:
Change Dir: E:/C-FS/cmake-build-debug/CMakeFiles/CMakeTmp

Run Build Command(s):C:/Users/DEG3NERAT3_/AppData/Local/JetBrains/Toolbox/apps/CLion/ch-0/221.5591.52/bin/ninja/win/ninja.exe cmTC_55cdf && [1/2] Building C object CMakeFiles\cmTC_55cdf.dir\CMakeCCompilerABI.c.obj
[2/2] Linking C executable cmTC_55cdf.exe



